Arguments: 
  /Users/abellusc/.nvm/versions/node/v12.20.0/bin/node /Users/abellusc/.nvm/versions/node/v15.3.0/bin/yarn add -D @types/node:12.20.0

PATH: 
  /Users/abellusc/.nvm/versions/node/v12.20.0/bin:/Users/abellusc/.nvm/versions/node/v15.3.0/bin:/usr/local/bin:/usr/bin:/bin:/usr/sbin:/sbin:/Users/abellusc/.nvm/versions/node/v15.3.0/bin:./node_modules:./node_modules

Yarn version: 
  1.22.10

Node version: 
  12.20.0

Platform: 
  darwin x64

Trace: 
  Error: https://registry.yarnpkg.com/@types%2fnode:12.20.0: Not found
      at Request.params.callback [as _callback] (/Users/abellusc/.nvm/versions/node/v15.3.0/lib/node_modules/yarn/lib/cli.js:66988:18)
      at Request.self.callback (/Users/abellusc/.nvm/versions/node/v15.3.0/lib/node_modules/yarn/lib/cli.js:140662:22)
      at Request.emit (events.js:314:20)
      at Request.<anonymous> (/Users/abellusc/.nvm/versions/node/v15.3.0/lib/node_modules/yarn/lib/cli.js:141634:10)
      at Request.emit (events.js:314:20)
      at IncomingMessage.<anonymous> (/Users/abellusc/.nvm/versions/node/v15.3.0/lib/node_modules/yarn/lib/cli.js:141556:12)
      at Object.onceWrapper (events.js:420:28)
      at IncomingMessage.emit (events.js:326:22)
      at endReadableNT (_stream_readable.js:1241:12)
      at processTicksAndRejections (internal/process/task_queues.js:84:21)

npm manifest: 
  {
    "name": "consoul",
    "version": "1.0.0",
    "description": "Create a souls-like text adventure game with ease with this library.",
    "main": "dist/exports",
    "author": "@abellusc",
    "license": "MIT",
    "private": true,
    "devDependencies": {
      "@tsconfig/node12": "^1.0.7",
      "typescript": "^4.1.3"
    },
    "engines": {
      "node": "^12.0.0"
    }
  }

yarn manifest: 
  No manifest

Lockfile: 
  # THIS IS AN AUTOGENERATED FILE. DO NOT EDIT THIS FILE DIRECTLY.
  # yarn lockfile v1
  
  
  "@tsconfig/node12@^1.0.7":
    version "1.0.7"
    resolved "https://registry.yarnpkg.com/@tsconfig/node12/-/node12-1.0.7.tgz#677bd9117e8164dc319987dd6ff5fc1ba6fbf18b"
    integrity sha512-dgasobK/Y0wVMswcipr3k0HpevxFJLijN03A8mYfEPvWvOs14v0ZlYTR4kIgMx8g4+fTyTFv8/jLCIfRqLDJ4A==
  
  typescript@^4.1.3:
    version "4.1.3"
    resolved "https://registry.yarnpkg.com/typescript/-/typescript-4.1.3.tgz#519d582bd94cba0cf8934c7d8e8467e473f53bb7"
    integrity sha512-B3ZIOf1IKeH2ixgHhj6la6xdwR9QrLC5d1VKeCSY4tvkqhF2eqd9O7txNlS0PO3GrBAFIdr3L1ndNwteUbZLYg==
